<?xml version="1.0" encoding="UTF-8"?>
<testsuites name="TS_Autorizaciones" time="13.631" tests="4" failures="0" errors="0">
   <testsuite name="TS_Autorizaciones" tests="4" failures="0" errors="0" time="13.631" skipped="0" timestamp="2021-07-16 16:59:34" hostname="Edgar García - DESKTOP-GI6RVR8" id="Test Suites/FVAutorizacionesReferencia_SU/TS_Autorizaciones">
      <properties>
         <property name="deviceName" value=""/>
         <property name="devicePlatform" value=""/>
         <property name="logFolder" value="C:\\Users\\Edgar Garc\u00EDa\\git\\TestAPIs_SCV\\TestAPIs_SCV\\TestAPIs_SCV\\TestAPIs_SCV\\TestAPIs_SCV\\Reports\\20210716_165926\\FVAutorizacionesReferencia_SU\\TS_Autorizaciones\\20210716_165927"/>
         <property name="logFiles" value="C:\\Users\\Edgar Garc\u00EDa\\git\\TestAPIs_SCV\\TestAPIs_SCV\\TestAPIs_SCV\\TestAPIs_SCV\\TestAPIs_SCV\\Reports\\20210716_165926\\FVAutorizacionesReferencia_SU\\TS_Autorizaciones\\20210716_165927\\execution0.log"/>
         <property name="attachments" value=""/>
         <property name="hostName" value="Edgar García - DESKTOP-GI6RVR8"/>
         <property name="hostAddress" value="192.168.100.38"/>
         <property name="os" value="Windows 10 64bit"/>
         <property name="katalonVersion" value="8.0.5.208"/>
      </properties>
      <testcase name="Test Cases/FVAutorizacionesReferencia_SU/setDesautorizacionReferencia_SU" time="1.701" classname="Test Cases/FVAutorizacionesReferencia_SU/setDesautorizacionReferencia_SU" status="PASSED">
         <system-out><![CDATA[2021-07-16 16:59:34 - [TEST_CASE][PASSED] - Test Cases/FVAutorizacionesReferencia_SU/setDesautorizacionReferencia_SU: Test Cases/FVAutorizacionesReferencia_SU/setDesautorizacionReferencia_SU

2021-07-16 16:59:34 - [TEST_STEP][PASSED] - operation = 21012130: null

2021-07-16 16:59:34 - [TEST_STEP][PASSED] - valor = 0: null

2021-07-16 16:59:34 - [TEST_STEP][PASSED] - response = sendRequest(findTestObject("FVAutorizacionesReferencia_SU/setDesautorizacionReferencia_SU")): Send request successfully

2021-07-16 16:59:35 - [MESSAGE][INFO] - HAR: C:\Users\Edgar García\git\TestAPIs_SCV\TestAPIs_SCV\TestAPIs_SCV\TestAPIs_SCV\TestAPIs_SCV\Reports\20210716_165926\FVAutorizacionesReferencia_SU\TS_Autorizaciones\20210716_165927\requests\main\0.har

2021-07-16 16:59:35 - [MESSAGE][PASSED] - Send request successfully

2021-07-16 16:59:35 - [TEST_STEP][PASSED] - if (getResponseStatusCode(response) == 200): Verify element property value successfully

2021-07-16 16:59:35 - [TEST_STEP][PASSED] - if (getElementPropertyValue(response, "bResultado") == true): null

2021-07-16 16:59:35 - [TEST_STEP][PASSED] - else: Verify element property value successfully

2021-07-16 16:59:35 - [TEST_STEP][PASSED] - verifyElementPropertyValue(response, "dFechaEmision", "1900-01-01T00:00:00"): Verify element property value successfully

2021-07-16 16:59:36 - [MESSAGE][PASSED] - Verify element property value successfully

2021-07-16 16:59:36 - [TEST_STEP][PASSED] - verifyElementPropertyValue(response, "dFechaVigencia", "1900-01-01T00:00:00"): Verify element property value successfully

2021-07-16 16:59:36 - [MESSAGE][PASSED] - Verify element property value successfully

2021-07-16 16:59:36 - [TEST_STEP][PASSED] - if (getElementPropertyValue(response, "iError") == 67212): Verify element property value successfully

2021-07-16 16:59:36 - [TEST_STEP][PASSED] - for ([i = operation, i <= getElementPropertyValue(response, "iNoOperacionModificacion"), (i++)]): null

2021-07-16 16:59:36 - [TEST_STEP][PASSED] - valor = i: null

2021-07-16 16:59:36 - [TEST_STEP][PASSED] - verifyElementPropertyValue(response, "iNoOperacionModificacion", valor): Verify element property value successfully

2021-07-16 16:59:36 - [MESSAGE][PASSED] - Verify element property value successfully

2021-07-16 16:59:36 - [TEST_STEP][PASSED] - verifyElementPropertyValue(response, "mTotalReferencia", 0.0000): Verify element property value successfully

2021-07-16 16:59:36 - [MESSAGE][PASSED] - Verify element property value successfully

2021-07-16 16:59:36 - [TEST_STEP][PASSED] - verifyElementPropertyValue(response, "tiBandera", 3): Verify element property value successfully

2021-07-16 16:59:36 - [MESSAGE][PASSED] - Verify element property value successfully

2021-07-16 16:59:36 - [TEST_STEP][PASSED] - verifyElementPropertyValue(response, "tiEstatusAutorizacion", 0): Verify element property value successfully

2021-07-16 16:59:36 - [MESSAGE][PASSED] - Verify element property value successfully

2021-07-16 16:59:36 - [TEST_STEP][PASSED] - verifyElementPropertyValue(response, "tiEstatusReferencia", -1): Verify element property value successfully

2021-07-16 16:59:36 - [MESSAGE][PASSED] - Verify element property value successfully

2021-07-16 16:59:36 - [TEST_STEP][PASSED] - verifyElementPropertyValue(response, "vchDescEstatusRef", ""): Verify element property value successfully

2021-07-16 16:59:36 - [MESSAGE][PASSED] - Verify element property value successfully

2021-07-16 16:59:36 - [TEST_STEP][PASSED] - verifyElementPropertyValue(response, "vchDescEtatusAut", ""): Verify element property value successfully

2021-07-16 16:59:36 - [MESSAGE][PASSED] - Verify element property value successfully

2021-07-16 16:59:36 - [TEST_STEP][PASSED] - verifyElementPropertyValue(response, "vchMensaje", "La referencia no se encuentra autorizada o ya se le fueron entregadas o apartadas formas valoradas"): Verify element property value successfully

2021-07-16 16:59:36 - [MESSAGE][PASSED] - Verify element property value successfully

2021-07-16 16:59:36 - [TEST_STEP][PASSED] - verifyElementPropertyValue(response, "vchMensajeLog", ""): Verify element property value successfully

2021-07-16 16:59:36 - [MESSAGE][PASSED] - Verify element property value successfully

2021-07-16 16:59:36 - [TEST_STEP][PASSED] - verifyElementPropertyValue(response, "vchNombre", ""): Verify element property value successfully

2021-07-16 16:59:36 - [MESSAGE][PASSED] - Verify element property value successfully

2021-07-16 16:59:36 - [TEST_STEP][PASSED] - verifyElementPropertyValue(response, "vchReferencia", ""): Verify element property value successfully

2021-07-16 16:59:36 - [MESSAGE][PASSED] - Verify element property value successfully]]></system-out>
         <system-err><![CDATA[]]></system-err>
      </testcase>
      <testcase name="Test Cases/FVAutorizacionesReferencia_SU/setAutorizacionReferencia_SU" time="2.519" classname="Test Cases/FVAutorizacionesReferencia_SU/setAutorizacionReferencia_SU" status="PASSED">
         <system-out><![CDATA[2021-07-16 16:59:36 - [TEST_CASE][PASSED] - Test Cases/FVAutorizacionesReferencia_SU/setAutorizacionReferencia_SU: Test Cases/FVAutorizacionesReferencia_SU/setAutorizacionReferencia_SU

2021-07-16 16:59:36 - [TEST_STEP][PASSED] - operation = 21021588: null

2021-07-16 16:59:36 - [TEST_STEP][PASSED] - valor = 0: null

2021-07-16 16:59:36 - [TEST_STEP][PASSED] - response = sendRequest(findTestObject("FVAutorizacionesReferencia_SU/setAutorizacionReferencia_SU")): Send request successfully

2021-07-16 16:59:36 - [MESSAGE][INFO] - HAR: C:\Users\Edgar García\git\TestAPIs_SCV\TestAPIs_SCV\TestAPIs_SCV\TestAPIs_SCV\TestAPIs_SCV\Reports\20210716_165926\FVAutorizacionesReferencia_SU\TS_Autorizaciones\20210716_165927\requests\main\1.har

2021-07-16 16:59:36 - [MESSAGE][PASSED] - Send request successfully

2021-07-16 16:59:36 - [TEST_STEP][PASSED] - if (getResponseStatusCode(response) == 200): Verify element property value successfully

2021-07-16 16:59:36 - [TEST_STEP][PASSED] - if (getElementPropertyValue(response, "bResultado") == true): null

2021-07-16 16:59:36 - [TEST_STEP][PASSED] - else: Verify element property value successfully

2021-07-16 16:59:36 - [TEST_STEP][PASSED] - verifyElementPropertyValue(response, "dFechaEmision", "1900-01-01T00:00:00"): Verify element property value successfully

2021-07-16 16:59:36 - [MESSAGE][PASSED] - Verify element property value successfully

2021-07-16 16:59:36 - [TEST_STEP][PASSED] - verifyElementPropertyValue(response, "dFechaVigencia", "1900-01-01T00:00:00"): Verify element property value successfully

2021-07-16 16:59:36 - [MESSAGE][PASSED] - Verify element property value successfully

2021-07-16 16:59:36 - [TEST_STEP][PASSED] - if (getElementPropertyValue(response, "iError") == 67153): Verify element property value successfully

2021-07-16 16:59:36 - [TEST_STEP][PASSED] - for ([i = operation, i <= getElementPropertyValue(response, "iNoOperacionModificacion"), (i++)]): null

2021-07-16 16:59:36 - [TEST_STEP][PASSED] - valor = i: null

2021-07-16 16:59:36 - [TEST_STEP][PASSED] - valor = i: null

2021-07-16 16:59:37 - [TEST_STEP][PASSED] - valor = i: null

2021-07-16 16:59:37 - [TEST_STEP][PASSED] - valor = i: null

2021-07-16 16:59:37 - [TEST_STEP][PASSED] - valor = i: null

2021-07-16 16:59:37 - [TEST_STEP][PASSED] - valor = i: null

2021-07-16 16:59:37 - [TEST_STEP][PASSED] - valor = i: null

2021-07-16 16:59:37 - [TEST_STEP][PASSED] - valor = i: null

2021-07-16 16:59:37 - [TEST_STEP][PASSED] - valor = i: null

2021-07-16 16:59:37 - [TEST_STEP][PASSED] - valor = i: null

2021-07-16 16:59:37 - [TEST_STEP][PASSED] - valor = i: null

2021-07-16 16:59:37 - [TEST_STEP][PASSED] - valor = i: null

2021-07-16 16:59:37 - [TEST_STEP][PASSED] - valor = i: null

2021-07-16 16:59:37 - [TEST_STEP][PASSED] - valor = i: null

2021-07-16 16:59:37 - [TEST_STEP][PASSED] - valor = i: null

2021-07-16 16:59:37 - [TEST_STEP][PASSED] - valor = i: null

2021-07-16 16:59:37 - [TEST_STEP][PASSED] - valor = i: null

2021-07-16 16:59:37 - [TEST_STEP][PASSED] - valor = i: null

2021-07-16 16:59:37 - [TEST_STEP][PASSED] - valor = i: null

2021-07-16 16:59:37 - [TEST_STEP][PASSED] - valor = i: null

2021-07-16 16:59:37 - [TEST_STEP][PASSED] - valor = i: null

2021-07-16 16:59:37 - [TEST_STEP][PASSED] - valor = i: null

2021-07-16 16:59:37 - [TEST_STEP][PASSED] - valor = i: null

2021-07-16 16:59:37 - [TEST_STEP][PASSED] - valor = i: null

2021-07-16 16:59:37 - [TEST_STEP][PASSED] - valor = i: null

2021-07-16 16:59:37 - [TEST_STEP][PASSED] - valor = i: null

2021-07-16 16:59:37 - [TEST_STEP][PASSED] - valor = i: null

2021-07-16 16:59:37 - [TEST_STEP][PASSED] - valor = i: null

2021-07-16 16:59:37 - [TEST_STEP][PASSED] - valor = i: null

2021-07-16 16:59:37 - [TEST_STEP][PASSED] - valor = i: null

2021-07-16 16:59:37 - [TEST_STEP][PASSED] - valor = i: null

2021-07-16 16:59:37 - [TEST_STEP][PASSED] - valor = i: null

2021-07-16 16:59:37 - [TEST_STEP][PASSED] - valor = i: null

2021-07-16 16:59:37 - [TEST_STEP][PASSED] - valor = i: null

2021-07-16 16:59:37 - [TEST_STEP][PASSED] - valor = i: null

2021-07-16 16:59:37 - [TEST_STEP][PASSED] - valor = i: null

2021-07-16 16:59:37 - [TEST_STEP][PASSED] - valor = i: null

2021-07-16 16:59:37 - [TEST_STEP][PASSED] - valor = i: null

2021-07-16 16:59:37 - [TEST_STEP][PASSED] - valor = i: null

2021-07-16 16:59:37 - [TEST_STEP][PASSED] - valor = i: null

2021-07-16 16:59:37 - [TEST_STEP][PASSED] - valor = i: null

2021-07-16 16:59:37 - [TEST_STEP][PASSED] - valor = i: null

2021-07-16 16:59:37 - [TEST_STEP][PASSED] - valor = i: null

2021-07-16 16:59:37 - [TEST_STEP][PASSED] - valor = i: null

2021-07-16 16:59:37 - [TEST_STEP][PASSED] - valor = i: null

2021-07-16 16:59:37 - [TEST_STEP][PASSED] - valor = i: null

2021-07-16 16:59:37 - [TEST_STEP][PASSED] - valor = i: null

2021-07-16 16:59:37 - [TEST_STEP][PASSED] - valor = i: null

2021-07-16 16:59:37 - [TEST_STEP][PASSED] - valor = i: null

2021-07-16 16:59:37 - [TEST_STEP][PASSED] - valor = i: null

2021-07-16 16:59:37 - [TEST_STEP][PASSED] - valor = i: null

2021-07-16 16:59:37 - [TEST_STEP][PASSED] - valor = i: null

2021-07-16 16:59:37 - [TEST_STEP][PASSED] - valor = i: null

2021-07-16 16:59:37 - [TEST_STEP][PASSED] - valor = i: null

2021-07-16 16:59:37 - [TEST_STEP][PASSED] - valor = i: null

2021-07-16 16:59:37 - [TEST_STEP][PASSED] - valor = i: null

2021-07-16 16:59:37 - [TEST_STEP][PASSED] - valor = i: null

2021-07-16 16:59:37 - [TEST_STEP][PASSED] - valor = i: null

2021-07-16 16:59:37 - [TEST_STEP][PASSED] - valor = i: null

2021-07-16 16:59:37 - [TEST_STEP][PASSED] - valor = i: null

2021-07-16 16:59:37 - [TEST_STEP][PASSED] - valor = i: null

2021-07-16 16:59:37 - [TEST_STEP][PASSED] - valor = i: null

2021-07-16 16:59:37 - [TEST_STEP][PASSED] - valor = i: null

2021-07-16 16:59:37 - [TEST_STEP][PASSED] - valor = i: null

2021-07-16 16:59:37 - [TEST_STEP][PASSED] - valor = i: null

2021-07-16 16:59:37 - [TEST_STEP][PASSED] - valor = i: null

2021-07-16 16:59:37 - [TEST_STEP][PASSED] - valor = i: null

2021-07-16 16:59:37 - [TEST_STEP][PASSED] - valor = i: null

2021-07-16 16:59:37 - [TEST_STEP][PASSED] - valor = i: null

2021-07-16 16:59:37 - [TEST_STEP][PASSED] - valor = i: null

2021-07-16 16:59:37 - [TEST_STEP][PASSED] - valor = i: null

2021-07-16 16:59:37 - [TEST_STEP][PASSED] - valor = i: null

2021-07-16 16:59:37 - [TEST_STEP][PASSED] - valor = i: null

2021-07-16 16:59:37 - [TEST_STEP][PASSED] - valor = i: null

2021-07-16 16:59:37 - [TEST_STEP][PASSED] - valor = i: null

2021-07-16 16:59:38 - [TEST_STEP][PASSED] - valor = i: null

2021-07-16 16:59:38 - [TEST_STEP][PASSED] - valor = i: null

2021-07-16 16:59:38 - [TEST_STEP][PASSED] - valor = i: null

2021-07-16 16:59:38 - [TEST_STEP][PASSED] - valor = i: null

2021-07-16 16:59:38 - [TEST_STEP][PASSED] - valor = i: null

2021-07-16 16:59:38 - [TEST_STEP][PASSED] - valor = i: null

2021-07-16 16:59:38 - [TEST_STEP][PASSED] - valor = i: null

2021-07-16 16:59:38 - [TEST_STEP][PASSED] - valor = i: null

2021-07-16 16:59:38 - [TEST_STEP][PASSED] - valor = i: null

2021-07-16 16:59:38 - [TEST_STEP][PASSED] - valor = i: null

2021-07-16 16:59:38 - [TEST_STEP][PASSED] - valor = i: null

2021-07-16 16:59:38 - [TEST_STEP][PASSED] - valor = i: null

2021-07-16 16:59:38 - [TEST_STEP][PASSED] - valor = i: null

2021-07-16 16:59:38 - [TEST_STEP][PASSED] - valor = i: null

2021-07-16 16:59:38 - [TEST_STEP][PASSED] - valor = i: null

2021-07-16 16:59:38 - [TEST_STEP][PASSED] - valor = i: null

2021-07-16 16:59:38 - [TEST_STEP][PASSED] - valor = i: null

2021-07-16 16:59:38 - [TEST_STEP][PASSED] - valor = i: null

2021-07-16 16:59:38 - [TEST_STEP][PASSED] - valor = i: null

2021-07-16 16:59:38 - [TEST_STEP][PASSED] - valor = i: null

2021-07-16 16:59:38 - [TEST_STEP][PASSED] - valor = i: null

2021-07-16 16:59:38 - [TEST_STEP][PASSED] - valor = i: null

2021-07-16 16:59:38 - [TEST_STEP][PASSED] - valor = i: null

2021-07-16 16:59:38 - [TEST_STEP][PASSED] - valor = i: null

2021-07-16 16:59:38 - [TEST_STEP][PASSED] - valor = i: null

2021-07-16 16:59:38 - [TEST_STEP][PASSED] - valor = i: null

2021-07-16 16:59:38 - [TEST_STEP][PASSED] - valor = i: null

2021-07-16 16:59:38 - [TEST_STEP][PASSED] - valor = i: null

2021-07-16 16:59:38 - [TEST_STEP][PASSED] - valor = i: null

2021-07-16 16:59:38 - [TEST_STEP][PASSED] - valor = i: null

2021-07-16 16:59:38 - [TEST_STEP][PASSED] - valor = i: null

2021-07-16 16:59:38 - [TEST_STEP][PASSED] - valor = i: null

2021-07-16 16:59:38 - [TEST_STEP][PASSED] - valor = i: null

2021-07-16 16:59:38 - [TEST_STEP][PASSED] - valor = i: null

2021-07-16 16:59:38 - [TEST_STEP][PASSED] - valor = i: null

2021-07-16 16:59:38 - [TEST_STEP][PASSED] - valor = i: null

2021-07-16 16:59:38 - [TEST_STEP][PASSED] - valor = i: null

2021-07-16 16:59:38 - [TEST_STEP][PASSED] - valor = i: null

2021-07-16 16:59:38 - [TEST_STEP][PASSED] - valor = i: null

2021-07-16 16:59:38 - [TEST_STEP][PASSED] - valor = i: null

2021-07-16 16:59:38 - [TEST_STEP][PASSED] - valor = i: null

2021-07-16 16:59:38 - [TEST_STEP][PASSED] - valor = i: null

2021-07-16 16:59:38 - [TEST_STEP][PASSED] - valor = i: null

2021-07-16 16:59:38 - [TEST_STEP][PASSED] - valor = i: null

2021-07-16 16:59:38 - [TEST_STEP][PASSED] - valor = i: null

2021-07-16 16:59:38 - [TEST_STEP][PASSED] - valor = i: null

2021-07-16 16:59:38 - [TEST_STEP][PASSED] - valor = i: null

2021-07-16 16:59:38 - [TEST_STEP][PASSED] - valor = i: null

2021-07-16 16:59:38 - [TEST_STEP][PASSED] - valor = i: null

2021-07-16 16:59:38 - [TEST_STEP][PASSED] - valor = i: null

2021-07-16 16:59:38 - [TEST_STEP][PASSED] - verifyElementPropertyValue(response, "iNoOperacionModificacion", valor): Verify element property value successfully

2021-07-16 16:59:38 - [MESSAGE][PASSED] - Verify element property value successfully

2021-07-16 16:59:38 - [TEST_STEP][PASSED] - verifyElementPropertyValue(response, "mTotalReferencia", 0.0000): Verify element property value successfully

2021-07-16 16:59:38 - [MESSAGE][PASSED] - Verify element property value successfully

2021-07-16 16:59:38 - [TEST_STEP][PASSED] - verifyElementPropertyValue(response, "tiBandera", 3): Verify element property value successfully

2021-07-16 16:59:38 - [MESSAGE][PASSED] - Verify element property value successfully

2021-07-16 16:59:38 - [TEST_STEP][PASSED] - verifyElementPropertyValue(response, "tiEstatusAutorizacion", 0): Verify element property value successfully

2021-07-16 16:59:38 - [MESSAGE][PASSED] - Verify element property value successfully

2021-07-16 16:59:38 - [TEST_STEP][PASSED] - verifyElementPropertyValue(response, "tiEstatusReferencia", -1): Verify element property value successfully

2021-07-16 16:59:38 - [MESSAGE][PASSED] - Verify element property value successfully

2021-07-16 16:59:38 - [TEST_STEP][PASSED] - verifyElementPropertyValue(response, "vchDescEstatusRef", ""): Verify element property value successfully

2021-07-16 16:59:38 - [MESSAGE][PASSED] - Verify element property value successfully

2021-07-16 16:59:38 - [TEST_STEP][PASSED] - verifyElementPropertyValue(response, "vchDescEtatusAut", ""): Verify element property value successfully

2021-07-16 16:59:38 - [MESSAGE][PASSED] - Verify element property value successfully

2021-07-16 16:59:38 - [TEST_STEP][PASSED] - verifyElementPropertyValue(response, "vchMensaje", "La referencia ya se encuentra autorizada"): Verify element property value successfully

2021-07-16 16:59:38 - [MESSAGE][PASSED] - Verify element property value successfully

2021-07-16 16:59:38 - [TEST_STEP][PASSED] - verifyElementPropertyValue(response, "vchMensajeLog", ""): Verify element property value successfully

2021-07-16 16:59:38 - [MESSAGE][PASSED] - Verify element property value successfully

2021-07-16 16:59:38 - [TEST_STEP][PASSED] - verifyElementPropertyValue(response, "vchNombre", ""): Verify element property value successfully

2021-07-16 16:59:38 - [MESSAGE][PASSED] - Verify element property value successfully

2021-07-16 16:59:38 - [TEST_STEP][PASSED] - verifyElementPropertyValue(response, "vchReferencia", ""): Verify element property value successfully

2021-07-16 16:59:38 - [MESSAGE][PASSED] - Verify element property value successfully]]></system-out>
         <system-err><![CDATA[]]></system-err>
      </testcase>
      <testcase name="Test Cases/FVAutorizacionesReferencia_SU/getConsultaReferencia_SU" time="3.004" classname="Test Cases/FVAutorizacionesReferencia_SU/getConsultaReferencia_SU" status="PASSED">
         <system-out><![CDATA[2021-07-16 16:59:38 - [TEST_CASE][PASSED] - Test Cases/FVAutorizacionesReferencia_SU/getConsultaReferencia_SU: Test Cases/FVAutorizacionesReferencia_SU/getConsultaReferencia_SU

2021-07-16 16:59:39 - [TEST_STEP][PASSED] - operation = 21021588: null

2021-07-16 16:59:39 - [TEST_STEP][PASSED] - valor = 0: null

2021-07-16 16:59:39 - [TEST_STEP][PASSED] - response = sendRequest(findTestObject("FVAutorizacionesReferencia_SU/getConsultaReferencia_SU")): Send request successfully

2021-07-16 16:59:39 - [MESSAGE][INFO] - HAR: C:\Users\Edgar García\git\TestAPIs_SCV\TestAPIs_SCV\TestAPIs_SCV\TestAPIs_SCV\TestAPIs_SCV\Reports\20210716_165926\FVAutorizacionesReferencia_SU\TS_Autorizaciones\20210716_165927\requests\main\2.har

2021-07-16 16:59:39 - [MESSAGE][PASSED] - Send request successfully

2021-07-16 16:59:39 - [TEST_STEP][PASSED] - fecha = new java.util.Date(): null

2021-07-16 16:59:39 - [TEST_STEP][PASSED] - hoy = fecha.format("yyyy-MM-dd") + "T00:00:00": null

2021-07-16 16:59:39 - [TEST_STEP][PASSED] - if (getResponseStatusCode(response) == 200): Verify element property value successfully

2021-07-16 16:59:39 - [TEST_STEP][PASSED] - if (getElementPropertyValue(response, "[0].bResultado") == true): Verify element property value successfully

2021-07-16 16:59:39 - [TEST_STEP][PASSED] - verifyElementPropertyValue(response, "[0].vchMensaje", "Consulta de referencia correcta"): Verify element property value successfully

2021-07-16 16:59:39 - [MESSAGE][PASSED] - Verify element property value successfully

2021-07-16 16:59:39 - [TEST_STEP][PASSED] - for ([i = operation, i <= getElementPropertyValue(response, "[0].iNoOperacionModificacion"), (i++)]): null

2021-07-16 16:59:39 - [TEST_STEP][PASSED] - valor = i: null

2021-07-16 16:59:39 - [TEST_STEP][PASSED] - valor = i: null

2021-07-16 16:59:39 - [TEST_STEP][PASSED] - valor = i: null

2021-07-16 16:59:39 - [TEST_STEP][PASSED] - valor = i: null

2021-07-16 16:59:39 - [TEST_STEP][PASSED] - valor = i: null

2021-07-16 16:59:39 - [TEST_STEP][PASSED] - valor = i: null

2021-07-16 16:59:39 - [TEST_STEP][PASSED] - valor = i: null

2021-07-16 16:59:39 - [TEST_STEP][PASSED] - valor = i: null

2021-07-16 16:59:39 - [TEST_STEP][PASSED] - valor = i: null

2021-07-16 16:59:39 - [TEST_STEP][PASSED] - valor = i: null

2021-07-16 16:59:39 - [TEST_STEP][PASSED] - valor = i: null

2021-07-16 16:59:39 - [TEST_STEP][PASSED] - valor = i: null

2021-07-16 16:59:39 - [TEST_STEP][PASSED] - valor = i: null

2021-07-16 16:59:39 - [TEST_STEP][PASSED] - valor = i: null

2021-07-16 16:59:39 - [TEST_STEP][PASSED] - valor = i: null

2021-07-16 16:59:39 - [TEST_STEP][PASSED] - valor = i: null

2021-07-16 16:59:39 - [TEST_STEP][PASSED] - valor = i: null

2021-07-16 16:59:39 - [TEST_STEP][PASSED] - valor = i: null

2021-07-16 16:59:39 - [TEST_STEP][PASSED] - valor = i: null

2021-07-16 16:59:39 - [TEST_STEP][PASSED] - valor = i: null

2021-07-16 16:59:39 - [TEST_STEP][PASSED] - valor = i: null

2021-07-16 16:59:39 - [TEST_STEP][PASSED] - valor = i: null

2021-07-16 16:59:39 - [TEST_STEP][PASSED] - valor = i: null

2021-07-16 16:59:39 - [TEST_STEP][PASSED] - valor = i: null

2021-07-16 16:59:39 - [TEST_STEP][PASSED] - valor = i: null

2021-07-16 16:59:39 - [TEST_STEP][PASSED] - valor = i: null

2021-07-16 16:59:39 - [TEST_STEP][PASSED] - valor = i: null

2021-07-16 16:59:39 - [TEST_STEP][PASSED] - valor = i: null

2021-07-16 16:59:39 - [TEST_STEP][PASSED] - valor = i: null

2021-07-16 16:59:39 - [TEST_STEP][PASSED] - valor = i: null

2021-07-16 16:59:39 - [TEST_STEP][PASSED] - valor = i: null

2021-07-16 16:59:39 - [TEST_STEP][PASSED] - valor = i: null

2021-07-16 16:59:39 - [TEST_STEP][PASSED] - valor = i: null

2021-07-16 16:59:39 - [TEST_STEP][PASSED] - valor = i: null

2021-07-16 16:59:39 - [TEST_STEP][PASSED] - valor = i: null

2021-07-16 16:59:39 - [TEST_STEP][PASSED] - valor = i: null

2021-07-16 16:59:39 - [TEST_STEP][PASSED] - valor = i: null

2021-07-16 16:59:39 - [TEST_STEP][PASSED] - valor = i: null

2021-07-16 16:59:39 - [TEST_STEP][PASSED] - valor = i: null

2021-07-16 16:59:39 - [TEST_STEP][PASSED] - valor = i: null

2021-07-16 16:59:39 - [TEST_STEP][PASSED] - valor = i: null

2021-07-16 16:59:39 - [TEST_STEP][PASSED] - valor = i: null

2021-07-16 16:59:39 - [TEST_STEP][PASSED] - valor = i: null

2021-07-16 16:59:39 - [TEST_STEP][PASSED] - valor = i: null

2021-07-16 16:59:39 - [TEST_STEP][PASSED] - valor = i: null

2021-07-16 16:59:39 - [TEST_STEP][PASSED] - valor = i: null

2021-07-16 16:59:40 - [TEST_STEP][PASSED] - valor = i: null

2021-07-16 16:59:40 - [TEST_STEP][PASSED] - valor = i: null

2021-07-16 16:59:40 - [TEST_STEP][PASSED] - valor = i: null

2021-07-16 16:59:40 - [TEST_STEP][PASSED] - valor = i: null

2021-07-16 16:59:40 - [TEST_STEP][PASSED] - valor = i: null

2021-07-16 16:59:40 - [TEST_STEP][PASSED] - valor = i: null

2021-07-16 16:59:40 - [TEST_STEP][PASSED] - valor = i: null

2021-07-16 16:59:40 - [TEST_STEP][PASSED] - valor = i: null

2021-07-16 16:59:40 - [TEST_STEP][PASSED] - valor = i: null

2021-07-16 16:59:40 - [TEST_STEP][PASSED] - valor = i: null

2021-07-16 16:59:40 - [TEST_STEP][PASSED] - valor = i: null

2021-07-16 16:59:40 - [TEST_STEP][PASSED] - valor = i: null

2021-07-16 16:59:40 - [TEST_STEP][PASSED] - valor = i: null

2021-07-16 16:59:40 - [TEST_STEP][PASSED] - valor = i: null

2021-07-16 16:59:40 - [TEST_STEP][PASSED] - valor = i: null

2021-07-16 16:59:40 - [TEST_STEP][PASSED] - valor = i: null

2021-07-16 16:59:40 - [TEST_STEP][PASSED] - valor = i: null

2021-07-16 16:59:40 - [TEST_STEP][PASSED] - valor = i: null

2021-07-16 16:59:40 - [TEST_STEP][PASSED] - valor = i: null

2021-07-16 16:59:40 - [TEST_STEP][PASSED] - valor = i: null

2021-07-16 16:59:40 - [TEST_STEP][PASSED] - valor = i: null

2021-07-16 16:59:40 - [TEST_STEP][PASSED] - valor = i: null

2021-07-16 16:59:40 - [TEST_STEP][PASSED] - valor = i: null

2021-07-16 16:59:40 - [TEST_STEP][PASSED] - valor = i: null

2021-07-16 16:59:40 - [TEST_STEP][PASSED] - valor = i: null

2021-07-16 16:59:40 - [TEST_STEP][PASSED] - valor = i: null

2021-07-16 16:59:40 - [TEST_STEP][PASSED] - valor = i: null

2021-07-16 16:59:40 - [TEST_STEP][PASSED] - valor = i: null

2021-07-16 16:59:40 - [TEST_STEP][PASSED] - valor = i: null

2021-07-16 16:59:40 - [TEST_STEP][PASSED] - valor = i: null

2021-07-16 16:59:40 - [TEST_STEP][PASSED] - valor = i: null

2021-07-16 16:59:40 - [TEST_STEP][PASSED] - valor = i: null

2021-07-16 16:59:40 - [TEST_STEP][PASSED] - valor = i: null

2021-07-16 16:59:40 - [TEST_STEP][PASSED] - valor = i: null

2021-07-16 16:59:40 - [TEST_STEP][PASSED] - valor = i: null

2021-07-16 16:59:40 - [TEST_STEP][PASSED] - valor = i: null

2021-07-16 16:59:40 - [TEST_STEP][PASSED] - valor = i: null

2021-07-16 16:59:40 - [TEST_STEP][PASSED] - valor = i: null

2021-07-16 16:59:40 - [TEST_STEP][PASSED] - valor = i: null

2021-07-16 16:59:40 - [TEST_STEP][PASSED] - valor = i: null

2021-07-16 16:59:40 - [TEST_STEP][PASSED] - valor = i: null

2021-07-16 16:59:40 - [TEST_STEP][PASSED] - valor = i: null

2021-07-16 16:59:40 - [TEST_STEP][PASSED] - valor = i: null

2021-07-16 16:59:40 - [TEST_STEP][PASSED] - valor = i: null

2021-07-16 16:59:40 - [TEST_STEP][PASSED] - valor = i: null

2021-07-16 16:59:40 - [TEST_STEP][PASSED] - valor = i: null

2021-07-16 16:59:40 - [TEST_STEP][PASSED] - valor = i: null

2021-07-16 16:59:40 - [TEST_STEP][PASSED] - valor = i: null

2021-07-16 16:59:40 - [TEST_STEP][PASSED] - valor = i: null

2021-07-16 16:59:40 - [TEST_STEP][PASSED] - valor = i: null

2021-07-16 16:59:40 - [TEST_STEP][PASSED] - valor = i: null

2021-07-16 16:59:40 - [TEST_STEP][PASSED] - valor = i: null

2021-07-16 16:59:40 - [TEST_STEP][PASSED] - valor = i: null

2021-07-16 16:59:40 - [TEST_STEP][PASSED] - valor = i: null

2021-07-16 16:59:40 - [TEST_STEP][PASSED] - valor = i: null

2021-07-16 16:59:40 - [TEST_STEP][PASSED] - valor = i: null

2021-07-16 16:59:40 - [TEST_STEP][PASSED] - valor = i: null

2021-07-16 16:59:40 - [TEST_STEP][PASSED] - valor = i: null

2021-07-16 16:59:40 - [TEST_STEP][PASSED] - valor = i: null

2021-07-16 16:59:40 - [TEST_STEP][PASSED] - valor = i: null

2021-07-16 16:59:40 - [TEST_STEP][PASSED] - valor = i: null

2021-07-16 16:59:40 - [TEST_STEP][PASSED] - valor = i: null

2021-07-16 16:59:40 - [TEST_STEP][PASSED] - valor = i: null

2021-07-16 16:59:40 - [TEST_STEP][PASSED] - valor = i: null

2021-07-16 16:59:40 - [TEST_STEP][PASSED] - valor = i: null

2021-07-16 16:59:40 - [TEST_STEP][PASSED] - valor = i: null

2021-07-16 16:59:40 - [TEST_STEP][PASSED] - valor = i: null

2021-07-16 16:59:40 - [TEST_STEP][PASSED] - valor = i: null

2021-07-16 16:59:40 - [TEST_STEP][PASSED] - valor = i: null

2021-07-16 16:59:40 - [TEST_STEP][PASSED] - valor = i: null

2021-07-16 16:59:40 - [TEST_STEP][PASSED] - valor = i: null

2021-07-16 16:59:40 - [TEST_STEP][PASSED] - valor = i: null

2021-07-16 16:59:40 - [TEST_STEP][PASSED] - valor = i: null

2021-07-16 16:59:40 - [TEST_STEP][PASSED] - valor = i: null

2021-07-16 16:59:41 - [TEST_STEP][PASSED] - valor = i: null

2021-07-16 16:59:41 - [TEST_STEP][PASSED] - valor = i: null

2021-07-16 16:59:41 - [TEST_STEP][PASSED] - valor = i: null

2021-07-16 16:59:41 - [TEST_STEP][PASSED] - valor = i: null

2021-07-16 16:59:41 - [TEST_STEP][PASSED] - valor = i: null

2021-07-16 16:59:41 - [TEST_STEP][PASSED] - verifyElementPropertyValue(response, "[0].iNoOperacionModificacion", valor): Verify element property value successfully

2021-07-16 16:59:41 - [MESSAGE][PASSED] - Verify element property value successfully

2021-07-16 16:59:41 - [TEST_STEP][PASSED] - verifyElementPropertyValue(response, "[0].iError", 0): Verify element property value successfully

2021-07-16 16:59:41 - [MESSAGE][PASSED] - Verify element property value successfully

2021-07-16 16:59:41 - [TEST_STEP][PASSED] - verifyElementPropertyValue(response, "[0].vchReferencia", 11125120071631703225): Verify element property value successfully

2021-07-16 16:59:41 - [MESSAGE][PASSED] - Verify element property value successfully

2021-07-16 16:59:41 - [TEST_STEP][PASSED] - verifyElementPropertyValue(response, "[0].tiOficina", 0): Verify element property value successfully

2021-07-16 16:59:41 - [MESSAGE][PASSED] - Verify element property value successfully

2021-07-16 16:59:41 - [TEST_STEP][PASSED] - verifyElementPropertyValue(response, "[0].vchOficina", "PUEBLA I FINANZAS"): Verify element property value successfully

2021-07-16 16:59:41 - [MESSAGE][PASSED] - Verify element property value successfully

2021-07-16 16:59:41 - [TEST_STEP][PASSED] - verifyElementPropertyValue(response, "[0].smTipoMovimiento", 1): Verify element property value successfully

2021-07-16 16:59:41 - [MESSAGE][PASSED] - Verify element property value successfully

2021-07-16 16:59:41 - [TEST_STEP][PASSED] - verifyElementPropertyValue(response, "[0].vchMovimiento", "ALTA VEHICULO"): Verify element property value successfully

2021-07-16 16:59:41 - [MESSAGE][PASSED] - Verify element property value successfully

2021-07-16 16:59:41 - [TEST_STEP][PASSED] - verifyElementPropertyValue(response, "[0].iNoOperacion", 21019796): Verify element property value successfully

2021-07-16 16:59:41 - [MESSAGE][PASSED] - Verify element property value successfully

2021-07-16 16:59:41 - [TEST_STEP][PASSED] - verifyElementPropertyValue(response, "[0].iControl", 200002523): Verify element property value successfully

2021-07-16 16:59:41 - [MESSAGE][PASSED] - Verify element property value successfully

2021-07-16 16:59:41 - [TEST_STEP][PASSED] - verifyElementPropertyValue(response, "[0].vchPlaca", "13DGS2"): Verify element property value successfully

2021-07-16 16:59:41 - [MESSAGE][PASSED] - Verify element property value successfully

2021-07-16 16:59:41 - [TEST_STEP][PASSED] - verifyElementPropertyValue(response, "[0].vchNombre", "SANTOS CAZARIN CRUZ DAVID ESTUARDO"): Verify element property value successfully

2021-07-16 16:59:41 - [MESSAGE][PASSED] - Verify element property value successfully

2021-07-16 16:59:41 - [TEST_STEP][PASSED] - verifyElementPropertyValue(response, "[0].vchRFC", "SACC790503PC6"): Verify element property value successfully

2021-07-16 16:59:41 - [MESSAGE][PASSED] - Verify element property value successfully

2021-07-16 16:59:41 - [TEST_STEP][PASSED] - verifyElementPropertyValue(response, "[0].iModelo", 2020): Verify element property value successfully

2021-07-16 16:59:41 - [MESSAGE][PASSED] - Verify element property value successfully

2021-07-16 16:59:41 - [TEST_STEP][PASSED] - verifyElementPropertyValue(response, "[0].tiClaseTipo", 71): Verify element property value successfully

2021-07-16 16:59:41 - [MESSAGE][PASSED] - Verify element property value successfully

2021-07-16 16:59:41 - [TEST_STEP][PASSED] - verifyElementPropertyValue(response, "[0].vchSerie", "F25BKFA4903"): Verify element property value successfully

2021-07-16 16:59:41 - [MESSAGE][PASSED] - Verify element property value successfully

2021-07-16 16:59:41 - [TEST_STEP][PASSED] - verifyElementPropertyValue(response, "[0].tiCilindros", 0): Verify element property value successfully

2021-07-16 16:59:41 - [MESSAGE][PASSED] - Verify element property value successfully

2021-07-16 16:59:41 - [TEST_STEP][PASSED] - verifyElementPropertyValue(response, "[0].vchNoMotor", "MOTORNO"): Verify element property value successfully

2021-07-16 16:59:41 - [MESSAGE][PASSED] - Verify element property value successfully

2021-07-16 16:59:41 - [TEST_STEP][PASSED] - verifyElementPropertyValue(response, "[0].tiCombustible", 77): Verify element property value successfully

2021-07-16 16:59:41 - [MESSAGE][PASSED] - Verify element property value successfully

2021-07-16 16:59:41 - [TEST_STEP][PASSED] - verifyElementPropertyValue(response, "[0].tiTipoServicio", 86): Verify element property value successfully

2021-07-16 16:59:41 - [MESSAGE][PASSED] - Verify element property value successfully

2021-07-16 16:59:41 - [TEST_STEP][PASSED] - verifyElementPropertyValue(response, "[0].vchProcedencia", "NACIONAL"): Verify element property value successfully

2021-07-16 16:59:41 - [MESSAGE][PASSED] - Verify element property value successfully

2021-07-16 16:59:41 - [TEST_STEP][PASSED] - if (dFechaExpedicion").equals("1900-01-01T00:00:00")): null

2021-07-16 16:59:41 - [TEST_STEP][PASSED] - else: Verify element property value successfully

2021-07-16 16:59:41 - [TEST_STEP][PASSED] - verifyElementPropertyValue(response, "[0].dFechaExpedicion", getElementPropertyValue(response, "[0].dFechaExpedicion")): Verify element property value successfully

2021-07-16 16:59:41 - [MESSAGE][PASSED] - Verify element property value successfully

2021-07-16 16:59:41 - [TEST_STEP][PASSED] - verifyElementPropertyValue(response, "[0].vchVigencia", "PERMANENTE"): Verify element property value successfully

2021-07-16 16:59:41 - [MESSAGE][PASSED] - Verify element property value successfully

2021-07-16 16:59:41 - [TEST_STEP][PASSED] - verifyElementPropertyValue(response, "[0].tiTramite", 2): Verify element property value successfully

2021-07-16 16:59:41 - [MESSAGE][PASSED] - Verify element property value successfully

2021-07-16 16:59:41 - [TEST_STEP][PASSED] - verifyElementPropertyValue(response, "[0].vchCalcomania", ""): Verify element property value successfully

2021-07-16 16:59:41 - [MESSAGE][PASSED] - Verify element property value successfully

2021-07-16 16:59:41 - [TEST_STEP][PASSED] - verifyElementPropertyValue(response, "[0].vchUsoVehiculo", "01"): Verify element property value successfully

2021-07-16 16:59:41 - [MESSAGE][PASSED] - Verify element property value successfully

2021-07-16 16:59:41 - [TEST_STEP][PASSED] - verifyElementPropertyValue(response, "[0].iNumeroForma", 12): Verify element property value successfully

2021-07-16 16:59:41 - [MESSAGE][PASSED] - Verify element property value successfully

2021-07-16 16:59:41 - [TEST_STEP][PASSED] - verifyElementPropertyValue(response, "[0].vchDescripcionForma", "TARJETA DE CIRCULACION"): Verify element property value successfully

2021-07-16 16:59:41 - [MESSAGE][PASSED] - Verify element property value successfully

2021-07-16 16:59:41 - [TEST_STEP][PASSED] - if (getElementPropertyValue(response, "[0].iFolio") == -1): null

2021-07-16 16:59:41 - [TEST_STEP][PASSED] - else: Verify element property value successfully

2021-07-16 16:59:41 - [TEST_STEP][PASSED] - verifyElementPropertyValue(response, "[0].iIdEstatus", 3): Verify element property value successfully

2021-07-16 16:59:41 - [MESSAGE][PASSED] - Verify element property value successfully

2021-07-16 16:59:41 - [TEST_STEP][PASSED] - verifyElementPropertyValue(response, "[0].vchEstatus", "ENTREGADO"): Verify element property value successfully

2021-07-16 16:59:41 - [MESSAGE][PASSED] - Verify element property value successfully

2021-07-16 16:59:41 - [TEST_STEP][PASSED] - verifyElementPropertyValue(response, "[0].vchNombreTramite", "SANTOS CAZARIN CRUZ DAVID ESTUARDO"): Verify element property value successfully

2021-07-16 16:59:41 - [MESSAGE][PASSED] - Verify element property value successfully

2021-07-16 16:59:41 - [TEST_STEP][PASSED] - verifyElementPropertyValue(response, "[0].vchIdentificacion", "I.F.E.                                  "): Verify element property value successfully

2021-07-16 16:59:41 - [MESSAGE][PASSED] - Verify element property value successfully

2021-07-16 16:59:41 - [TEST_STEP][PASSED] - verifyElementPropertyValue(response, "[0].vchFolioIdentificacion", "NA"): Verify element property value successfully

2021-07-16 16:59:41 - [MESSAGE][PASSED] - Verify element property value successfully

2021-07-16 16:59:41 - [TEST_STEP][PASSED] - verifyElementPropertyValue(response, "[0].vchCalcomaniaAlfanumerica", ""): Verify element property value successfully

2021-07-16 16:59:41 - [MESSAGE][PASSED] - Verify element property value successfully

2021-07-16 16:59:41 - [TEST_STEP][PASSED] - verifyElementPropertyValue(response, "[0].vchToneladas", "2500"): Verify element property value successfully

2021-07-16 16:59:41 - [MESSAGE][PASSED] - Verify element property value successfully

2021-07-16 16:59:41 - [TEST_STEP][PASSED] - verifyElementPropertyValue(response, "[0].vchCalle", "221"): Verify element property value successfully

2021-07-16 16:59:41 - [MESSAGE][PASSED] - Verify element property value successfully

2021-07-16 16:59:41 - [TEST_STEP][PASSED] - verifyElementPropertyValue(response, "[0].vchNoExterior", "22211"): Verify element property value successfully

2021-07-16 16:59:41 - [MESSAGE][PASSED] - Verify element property value successfully

2021-07-16 16:59:41 - [TEST_STEP][PASSED] - verifyElementPropertyValue(response, "[0].vchNoInterior", ""): Verify element property value successfully

2021-07-16 16:59:41 - [MESSAGE][PASSED] - Verify element property value successfully

2021-07-16 16:59:41 - [TEST_STEP][PASSED] - verifyElementPropertyValue(response, "[0].vchLetra", ""): Verify element property value successfully

2021-07-16 16:59:41 - [MESSAGE][PASSED] - Verify element property value successfully

2021-07-16 16:59:41 - [TEST_STEP][PASSED] - verifyElementPropertyValue(response, "[0].vchColonia", "LAS CANOAS                                                                                          "): Verify element property value successfully

2021-07-16 16:59:41 - [MESSAGE][PASSED] - Verify element property value successfully

2021-07-16 16:59:41 - [TEST_STEP][PASSED] - verifyElementPropertyValue(response, "[0].vchLocalidad", "APATAUYAN                                                                                           "): Verify element property value successfully

2021-07-16 16:59:41 - [MESSAGE][PASSED] - Verify element property value successfully

2021-07-16 16:59:41 - [TEST_STEP][PASSED] - verifyElementPropertyValue(response, "[0].vchMunicipio", "ATEMPAN                                                                                             "): Verify element property value successfully

2021-07-16 16:59:41 - [MESSAGE][PASSED] - Verify element property value successfully

2021-07-16 16:59:41 - [TEST_STEP][PASSED] - verifyElementPropertyValue(response, "[0].vchComplemento", "PLACA= 13DGS2 #NIV= F25BKFA4903"): Verify element property value successfully

2021-07-16 16:59:41 - [MESSAGE][PASSED] - Verify element property value successfully

2021-07-16 16:59:41 - [TEST_STEP][PASSED] - verifyElementPropertyValue(response, "[0].vchDescCombustible", "GASOLINA  "): Verify element property value successfully

2021-07-16 16:59:41 - [MESSAGE][PASSED] - Verify element property value successfully

2021-07-16 16:59:41 - [TEST_STEP][PASSED] - verifyElementPropertyValue(response, "[0].tiFirma", 1): Verify element property value successfully

2021-07-16 16:59:41 - [MESSAGE][PASSED] - Verify element property value successfully

2021-07-16 16:59:41 - [TEST_STEP][PASSED] - verifyElementPropertyValue(response, "[0].vchPuestoFirma", "SECRETARIA DE PLANEACION Y FINANZAS"): Verify element property value successfully

2021-07-16 16:59:41 - [MESSAGE][PASSED] - Verify element property value successfully

2021-07-16 16:59:41 - [TEST_STEP][PASSED] - verifyElementPropertyValue(response, "[0].vchNombreFirma", "ACT.  MARIA TERESA CASTRO CORRO"): Verify element property value successfully

2021-07-16 16:59:41 - [MESSAGE][PASSED] - Verify element property value successfully

2021-07-16 16:59:41 - [TEST_STEP][PASSED] - verifyElementPropertyValue(response, "[0].vchPuestoFirma2", "SECRETARIO DE MOVILIDAD Y TRANSPORTE"): Verify element property value successfully

2021-07-16 16:59:41 - [MESSAGE][PASSED] - Verify element property value successfully

2021-07-16 16:59:41 - [TEST_STEP][PASSED] - verifyElementPropertyValue(response, "[0].vchNombreFirma2", "MTRO. GUILLERMO ARECHIGA SANTAMARIA"): Verify element property value successfully

2021-07-16 16:59:41 - [MESSAGE][PASSED] - Verify element property value successfully

2021-07-16 16:59:41 - [TEST_STEP][PASSED] - verifyElementPropertyValue(response, "[0].vchClaveVehicular", "2020517"): Verify element property value successfully

2021-07-16 16:59:41 - [MESSAGE][PASSED] - Verify element property value successfully

2021-07-16 16:59:41 - [TEST_STEP][PASSED] - verifyElementPropertyValue(response, "[0].vchEmpresa", ""): Verify element property value successfully

2021-07-16 16:59:41 - [MESSAGE][PASSED] - Verify element property value successfully

2021-07-16 16:59:41 - [TEST_STEP][PASSED] - verifyElementPropertyValue(response, "[0].vchCURP", "SACC790503HVZNZR00"): Verify element property value successfully

2021-07-16 16:59:41 - [MESSAGE][PASSED] - Verify element property value successfully

2021-07-16 16:59:41 - [TEST_STEP][PASSED] - verifyElementPropertyValue(response, "[0].tiBan_cve_veh", 2): Verify element property value successfully

2021-07-16 16:59:41 - [MESSAGE][PASSED] - Verify element property value successfully

2021-07-16 16:59:41 - [TEST_STEP][PASSED] - verifyElementPropertyValue(response, "[0].vchDesc_uso", "PARTICULAR                                        "): Verify element property value successfully

2021-07-16 16:59:41 - [MESSAGE][PASSED] - Verify element property value successfully

2021-07-16 16:59:41 - [TEST_STEP][PASSED] - verifyElementPropertyValue(response, "[0].tiAsignacion", 0): Verify element property value successfully

2021-07-16 16:59:41 - [MESSAGE][PASSED] - Verify element property value successfully

2021-07-16 16:59:41 - [TEST_STEP][PASSED] - verifyElementPropertyValue(response, "[0].vchMarca2", "FORD           "): Verify element property value successfully

2021-07-16 16:59:41 - [MESSAGE][PASSED] - Verify element property value successfully

2021-07-16 16:59:41 - [TEST_STEP][PASSED] - verifyElementPropertyValue(response, "[0].vchLinea2", "F - 700                  "): Verify element property value successfully

2021-07-16 16:59:41 - [MESSAGE][PASSED] - Verify element property value successfully

2021-07-16 16:59:41 - [TEST_STEP][PASSED] - verifyElementPropertyValue(response, "[0].vchTipo2", "153 LPG 28000 L"): Verify element property value successfully

2021-07-16 16:59:41 - [MESSAGE][PASSED] - Verify element property value successfully]]></system-out>
         <system-err><![CDATA[]]></system-err>
      </testcase>
      <testcase name="Test Cases/FVAutorizacionesReferencia_SU/getConsultaReferencia_SU" time="2.863" classname="Test Cases/FVAutorizacionesReferencia_SU/getConsultaReferencia_SU" status="PASSED">
         <system-out><![CDATA[2021-07-16 16:59:41 - [TEST_CASE][PASSED] - Test Cases/FVAutorizacionesReferencia_SU/getConsultaReferencia_SU: Test Cases/FVAutorizacionesReferencia_SU/getConsultaReferencia_SU

2021-07-16 16:59:41 - [TEST_STEP][PASSED] - operation = 21021588: null

2021-07-16 16:59:41 - [TEST_STEP][PASSED] - valor = 0: null

2021-07-16 16:59:41 - [TEST_STEP][PASSED] - response = sendRequest(findTestObject("FVAutorizacionesReferencia_SU/getConsultaReferencia_SU")): Send request successfully

2021-07-16 16:59:42 - [MESSAGE][INFO] - HAR: C:\Users\Edgar García\git\TestAPIs_SCV\TestAPIs_SCV\TestAPIs_SCV\TestAPIs_SCV\TestAPIs_SCV\Reports\20210716_165926\FVAutorizacionesReferencia_SU\TS_Autorizaciones\20210716_165927\requests\main\3.har

2021-07-16 16:59:42 - [MESSAGE][PASSED] - Send request successfully

2021-07-16 16:59:42 - [TEST_STEP][PASSED] - fecha = new java.util.Date(): null

2021-07-16 16:59:42 - [TEST_STEP][PASSED] - hoy = fecha.format("yyyy-MM-dd") + "T00:00:00": null

2021-07-16 16:59:42 - [TEST_STEP][PASSED] - if (getResponseStatusCode(response) == 200): Verify element property value successfully

2021-07-16 16:59:42 - [TEST_STEP][PASSED] - if (getElementPropertyValue(response, "[0].bResultado") == true): Verify element property value successfully

2021-07-16 16:59:42 - [TEST_STEP][PASSED] - verifyElementPropertyValue(response, "[0].vchMensaje", "Consulta de referencia correcta"): Verify element property value successfully

2021-07-16 16:59:42 - [MESSAGE][PASSED] - Verify element property value successfully

2021-07-16 16:59:42 - [TEST_STEP][PASSED] - for ([i = operation, i <= getElementPropertyValue(response, "[0].iNoOperacionModificacion"), (i++)]): null

2021-07-16 16:59:42 - [TEST_STEP][PASSED] - valor = i: null

2021-07-16 16:59:42 - [TEST_STEP][PASSED] - valor = i: null

2021-07-16 16:59:42 - [TEST_STEP][PASSED] - valor = i: null

2021-07-16 16:59:42 - [TEST_STEP][PASSED] - valor = i: null

2021-07-16 16:59:42 - [TEST_STEP][PASSED] - valor = i: null

2021-07-16 16:59:42 - [TEST_STEP][PASSED] - valor = i: null

2021-07-16 16:59:42 - [TEST_STEP][PASSED] - valor = i: null

2021-07-16 16:59:42 - [TEST_STEP][PASSED] - valor = i: null

2021-07-16 16:59:42 - [TEST_STEP][PASSED] - valor = i: null

2021-07-16 16:59:42 - [TEST_STEP][PASSED] - valor = i: null

2021-07-16 16:59:42 - [TEST_STEP][PASSED] - valor = i: null

2021-07-16 16:59:42 - [TEST_STEP][PASSED] - valor = i: null

2021-07-16 16:59:42 - [TEST_STEP][PASSED] - valor = i: null

2021-07-16 16:59:42 - [TEST_STEP][PASSED] - valor = i: null

2021-07-16 16:59:42 - [TEST_STEP][PASSED] - valor = i: null

2021-07-16 16:59:42 - [TEST_STEP][PASSED] - valor = i: null

2021-07-16 16:59:42 - [TEST_STEP][PASSED] - valor = i: null

2021-07-16 16:59:42 - [TEST_STEP][PASSED] - valor = i: null

2021-07-16 16:59:42 - [TEST_STEP][PASSED] - valor = i: null

2021-07-16 16:59:42 - [TEST_STEP][PASSED] - valor = i: null

2021-07-16 16:59:42 - [TEST_STEP][PASSED] - valor = i: null

2021-07-16 16:59:42 - [TEST_STEP][PASSED] - valor = i: null

2021-07-16 16:59:42 - [TEST_STEP][PASSED] - valor = i: null

2021-07-16 16:59:42 - [TEST_STEP][PASSED] - valor = i: null

2021-07-16 16:59:42 - [TEST_STEP][PASSED] - valor = i: null

2021-07-16 16:59:42 - [TEST_STEP][PASSED] - valor = i: null

2021-07-16 16:59:42 - [TEST_STEP][PASSED] - valor = i: null

2021-07-16 16:59:42 - [TEST_STEP][PASSED] - valor = i: null

2021-07-16 16:59:42 - [TEST_STEP][PASSED] - valor = i: null

2021-07-16 16:59:42 - [TEST_STEP][PASSED] - valor = i: null

2021-07-16 16:59:42 - [TEST_STEP][PASSED] - valor = i: null

2021-07-16 16:59:42 - [TEST_STEP][PASSED] - valor = i: null

2021-07-16 16:59:42 - [TEST_STEP][PASSED] - valor = i: null

2021-07-16 16:59:42 - [TEST_STEP][PASSED] - valor = i: null

2021-07-16 16:59:42 - [TEST_STEP][PASSED] - valor = i: null

2021-07-16 16:59:42 - [TEST_STEP][PASSED] - valor = i: null

2021-07-16 16:59:42 - [TEST_STEP][PASSED] - valor = i: null

2021-07-16 16:59:42 - [TEST_STEP][PASSED] - valor = i: null

2021-07-16 16:59:42 - [TEST_STEP][PASSED] - valor = i: null

2021-07-16 16:59:42 - [TEST_STEP][PASSED] - valor = i: null

2021-07-16 16:59:42 - [TEST_STEP][PASSED] - valor = i: null

2021-07-16 16:59:42 - [TEST_STEP][PASSED] - valor = i: null

2021-07-16 16:59:42 - [TEST_STEP][PASSED] - valor = i: null

2021-07-16 16:59:42 - [TEST_STEP][PASSED] - valor = i: null

2021-07-16 16:59:42 - [TEST_STEP][PASSED] - valor = i: null

2021-07-16 16:59:42 - [TEST_STEP][PASSED] - valor = i: null

2021-07-16 16:59:42 - [TEST_STEP][PASSED] - valor = i: null

2021-07-16 16:59:42 - [TEST_STEP][PASSED] - valor = i: null

2021-07-16 16:59:42 - [TEST_STEP][PASSED] - valor = i: null

2021-07-16 16:59:42 - [TEST_STEP][PASSED] - valor = i: null

2021-07-16 16:59:42 - [TEST_STEP][PASSED] - valor = i: null

2021-07-16 16:59:42 - [TEST_STEP][PASSED] - valor = i: null

2021-07-16 16:59:42 - [TEST_STEP][PASSED] - valor = i: null

2021-07-16 16:59:42 - [TEST_STEP][PASSED] - valor = i: null

2021-07-16 16:59:42 - [TEST_STEP][PASSED] - valor = i: null

2021-07-16 16:59:42 - [TEST_STEP][PASSED] - valor = i: null

2021-07-16 16:59:42 - [TEST_STEP][PASSED] - valor = i: null

2021-07-16 16:59:42 - [TEST_STEP][PASSED] - valor = i: null

2021-07-16 16:59:42 - [TEST_STEP][PASSED] - valor = i: null

2021-07-16 16:59:42 - [TEST_STEP][PASSED] - valor = i: null

2021-07-16 16:59:42 - [TEST_STEP][PASSED] - valor = i: null

2021-07-16 16:59:42 - [TEST_STEP][PASSED] - valor = i: null

2021-07-16 16:59:42 - [TEST_STEP][PASSED] - valor = i: null

2021-07-16 16:59:42 - [TEST_STEP][PASSED] - valor = i: null

2021-07-16 16:59:42 - [TEST_STEP][PASSED] - valor = i: null

2021-07-16 16:59:42 - [TEST_STEP][PASSED] - valor = i: null

2021-07-16 16:59:42 - [TEST_STEP][PASSED] - valor = i: null

2021-07-16 16:59:43 - [TEST_STEP][PASSED] - valor = i: null

2021-07-16 16:59:43 - [TEST_STEP][PASSED] - valor = i: null

2021-07-16 16:59:43 - [TEST_STEP][PASSED] - valor = i: null

2021-07-16 16:59:43 - [TEST_STEP][PASSED] - valor = i: null

2021-07-16 16:59:43 - [TEST_STEP][PASSED] - valor = i: null

2021-07-16 16:59:43 - [TEST_STEP][PASSED] - valor = i: null

2021-07-16 16:59:43 - [TEST_STEP][PASSED] - valor = i: null

2021-07-16 16:59:43 - [TEST_STEP][PASSED] - valor = i: null

2021-07-16 16:59:43 - [TEST_STEP][PASSED] - valor = i: null

2021-07-16 16:59:43 - [TEST_STEP][PASSED] - valor = i: null

2021-07-16 16:59:43 - [TEST_STEP][PASSED] - valor = i: null

2021-07-16 16:59:43 - [TEST_STEP][PASSED] - valor = i: null

2021-07-16 16:59:43 - [TEST_STEP][PASSED] - valor = i: null

2021-07-16 16:59:43 - [TEST_STEP][PASSED] - valor = i: null

2021-07-16 16:59:43 - [TEST_STEP][PASSED] - valor = i: null

2021-07-16 16:59:43 - [TEST_STEP][PASSED] - valor = i: null

2021-07-16 16:59:43 - [TEST_STEP][PASSED] - valor = i: null

2021-07-16 16:59:43 - [TEST_STEP][PASSED] - valor = i: null

2021-07-16 16:59:43 - [TEST_STEP][PASSED] - valor = i: null

2021-07-16 16:59:43 - [TEST_STEP][PASSED] - valor = i: null

2021-07-16 16:59:43 - [TEST_STEP][PASSED] - valor = i: null

2021-07-16 16:59:43 - [TEST_STEP][PASSED] - valor = i: null

2021-07-16 16:59:43 - [TEST_STEP][PASSED] - valor = i: null

2021-07-16 16:59:43 - [TEST_STEP][PASSED] - valor = i: null

2021-07-16 16:59:43 - [TEST_STEP][PASSED] - valor = i: null

2021-07-16 16:59:43 - [TEST_STEP][PASSED] - valor = i: null

2021-07-16 16:59:43 - [TEST_STEP][PASSED] - valor = i: null

2021-07-16 16:59:43 - [TEST_STEP][PASSED] - valor = i: null

2021-07-16 16:59:43 - [TEST_STEP][PASSED] - valor = i: null

2021-07-16 16:59:43 - [TEST_STEP][PASSED] - valor = i: null

2021-07-16 16:59:43 - [TEST_STEP][PASSED] - valor = i: null

2021-07-16 16:59:43 - [TEST_STEP][PASSED] - valor = i: null

2021-07-16 16:59:43 - [TEST_STEP][PASSED] - valor = i: null

2021-07-16 16:59:43 - [TEST_STEP][PASSED] - valor = i: null

2021-07-16 16:59:43 - [TEST_STEP][PASSED] - valor = i: null

2021-07-16 16:59:43 - [TEST_STEP][PASSED] - valor = i: null

2021-07-16 16:59:43 - [TEST_STEP][PASSED] - valor = i: null

2021-07-16 16:59:43 - [TEST_STEP][PASSED] - valor = i: null

2021-07-16 16:59:43 - [TEST_STEP][PASSED] - valor = i: null

2021-07-16 16:59:43 - [TEST_STEP][PASSED] - valor = i: null

2021-07-16 16:59:43 - [TEST_STEP][PASSED] - valor = i: null

2021-07-16 16:59:43 - [TEST_STEP][PASSED] - valor = i: null

2021-07-16 16:59:43 - [TEST_STEP][PASSED] - valor = i: null

2021-07-16 16:59:43 - [TEST_STEP][PASSED] - valor = i: null

2021-07-16 16:59:43 - [TEST_STEP][PASSED] - valor = i: null

2021-07-16 16:59:43 - [TEST_STEP][PASSED] - valor = i: null

2021-07-16 16:59:43 - [TEST_STEP][PASSED] - valor = i: null

2021-07-16 16:59:43 - [TEST_STEP][PASSED] - valor = i: null

2021-07-16 16:59:43 - [TEST_STEP][PASSED] - valor = i: null

2021-07-16 16:59:43 - [TEST_STEP][PASSED] - valor = i: null

2021-07-16 16:59:43 - [TEST_STEP][PASSED] - valor = i: null

2021-07-16 16:59:43 - [TEST_STEP][PASSED] - valor = i: null

2021-07-16 16:59:43 - [TEST_STEP][PASSED] - valor = i: null

2021-07-16 16:59:43 - [TEST_STEP][PASSED] - valor = i: null

2021-07-16 16:59:43 - [TEST_STEP][PASSED] - valor = i: null

2021-07-16 16:59:43 - [TEST_STEP][PASSED] - valor = i: null

2021-07-16 16:59:43 - [TEST_STEP][PASSED] - valor = i: null

2021-07-16 16:59:43 - [TEST_STEP][PASSED] - valor = i: null

2021-07-16 16:59:43 - [TEST_STEP][PASSED] - valor = i: null

2021-07-16 16:59:43 - [TEST_STEP][PASSED] - valor = i: null

2021-07-16 16:59:43 - [TEST_STEP][PASSED] - verifyElementPropertyValue(response, "[0].iNoOperacionModificacion", valor): Verify element property value successfully

2021-07-16 16:59:43 - [MESSAGE][PASSED] - Verify element property value successfully

2021-07-16 16:59:43 - [TEST_STEP][PASSED] - verifyElementPropertyValue(response, "[0].iError", 0): Verify element property value successfully

2021-07-16 16:59:43 - [MESSAGE][PASSED] - Verify element property value successfully

2021-07-16 16:59:43 - [TEST_STEP][PASSED] - verifyElementPropertyValue(response, "[0].vchReferencia", 11125120071631703225): Verify element property value successfully

2021-07-16 16:59:43 - [MESSAGE][PASSED] - Verify element property value successfully

2021-07-16 16:59:43 - [TEST_STEP][PASSED] - verifyElementPropertyValue(response, "[0].tiOficina", 0): Verify element property value successfully

2021-07-16 16:59:43 - [MESSAGE][PASSED] - Verify element property value successfully

2021-07-16 16:59:43 - [TEST_STEP][PASSED] - verifyElementPropertyValue(response, "[0].vchOficina", "PUEBLA I FINANZAS"): Verify element property value successfully

2021-07-16 16:59:43 - [MESSAGE][PASSED] - Verify element property value successfully

2021-07-16 16:59:43 - [TEST_STEP][PASSED] - verifyElementPropertyValue(response, "[0].smTipoMovimiento", 1): Verify element property value successfully

2021-07-16 16:59:43 - [MESSAGE][PASSED] - Verify element property value successfully

2021-07-16 16:59:43 - [TEST_STEP][PASSED] - verifyElementPropertyValue(response, "[0].vchMovimiento", "ALTA VEHICULO"): Verify element property value successfully

2021-07-16 16:59:43 - [MESSAGE][PASSED] - Verify element property value successfully

2021-07-16 16:59:43 - [TEST_STEP][PASSED] - verifyElementPropertyValue(response, "[0].iNoOperacion", 21019796): Verify element property value successfully

2021-07-16 16:59:43 - [MESSAGE][PASSED] - Verify element property value successfully

2021-07-16 16:59:43 - [TEST_STEP][PASSED] - verifyElementPropertyValue(response, "[0].iControl", 200002523): Verify element property value successfully

2021-07-16 16:59:43 - [MESSAGE][PASSED] - Verify element property value successfully

2021-07-16 16:59:43 - [TEST_STEP][PASSED] - verifyElementPropertyValue(response, "[0].vchPlaca", "13DGS2"): Verify element property value successfully

2021-07-16 16:59:43 - [MESSAGE][PASSED] - Verify element property value successfully

2021-07-16 16:59:43 - [TEST_STEP][PASSED] - verifyElementPropertyValue(response, "[0].vchNombre", "SANTOS CAZARIN CRUZ DAVID ESTUARDO"): Verify element property value successfully

2021-07-16 16:59:43 - [MESSAGE][PASSED] - Verify element property value successfully

2021-07-16 16:59:43 - [TEST_STEP][PASSED] - verifyElementPropertyValue(response, "[0].vchRFC", "SACC790503PC6"): Verify element property value successfully

2021-07-16 16:59:43 - [MESSAGE][PASSED] - Verify element property value successfully

2021-07-16 16:59:43 - [TEST_STEP][PASSED] - verifyElementPropertyValue(response, "[0].iModelo", 2020): Verify element property value successfully

2021-07-16 16:59:43 - [MESSAGE][PASSED] - Verify element property value successfully

2021-07-16 16:59:43 - [TEST_STEP][PASSED] - verifyElementPropertyValue(response, "[0].tiClaseTipo", 71): Verify element property value successfully

2021-07-16 16:59:44 - [MESSAGE][PASSED] - Verify element property value successfully

2021-07-16 16:59:44 - [TEST_STEP][PASSED] - verifyElementPropertyValue(response, "[0].vchSerie", "F25BKFA4903"): Verify element property value successfully

2021-07-16 16:59:44 - [MESSAGE][PASSED] - Verify element property value successfully

2021-07-16 16:59:44 - [TEST_STEP][PASSED] - verifyElementPropertyValue(response, "[0].tiCilindros", 0): Verify element property value successfully

2021-07-16 16:59:44 - [MESSAGE][PASSED] - Verify element property value successfully

2021-07-16 16:59:44 - [TEST_STEP][PASSED] - verifyElementPropertyValue(response, "[0].vchNoMotor", "MOTORNO"): Verify element property value successfully

2021-07-16 16:59:44 - [MESSAGE][PASSED] - Verify element property value successfully

2021-07-16 16:59:44 - [TEST_STEP][PASSED] - verifyElementPropertyValue(response, "[0].tiCombustible", 77): Verify element property value successfully

2021-07-16 16:59:44 - [MESSAGE][PASSED] - Verify element property value successfully

2021-07-16 16:59:44 - [TEST_STEP][PASSED] - verifyElementPropertyValue(response, "[0].tiTipoServicio", 86): Verify element property value successfully

2021-07-16 16:59:44 - [MESSAGE][PASSED] - Verify element property value successfully

2021-07-16 16:59:44 - [TEST_STEP][PASSED] - verifyElementPropertyValue(response, "[0].vchProcedencia", "NACIONAL"): Verify element property value successfully

2021-07-16 16:59:44 - [MESSAGE][PASSED] - Verify element property value successfully

2021-07-16 16:59:44 - [TEST_STEP][PASSED] - if (dFechaExpedicion").equals("1900-01-01T00:00:00")): null

2021-07-16 16:59:44 - [TEST_STEP][PASSED] - else: Verify element property value successfully

2021-07-16 16:59:44 - [TEST_STEP][PASSED] - verifyElementPropertyValue(response, "[0].dFechaExpedicion", getElementPropertyValue(response, "[0].dFechaExpedicion")): Verify element property value successfully

2021-07-16 16:59:44 - [MESSAGE][PASSED] - Verify element property value successfully

2021-07-16 16:59:44 - [TEST_STEP][PASSED] - verifyElementPropertyValue(response, "[0].vchVigencia", "PERMANENTE"): Verify element property value successfully

2021-07-16 16:59:44 - [MESSAGE][PASSED] - Verify element property value successfully

2021-07-16 16:59:44 - [TEST_STEP][PASSED] - verifyElementPropertyValue(response, "[0].tiTramite", 2): Verify element property value successfully

2021-07-16 16:59:44 - [MESSAGE][PASSED] - Verify element property value successfully

2021-07-16 16:59:44 - [TEST_STEP][PASSED] - verifyElementPropertyValue(response, "[0].vchCalcomania", ""): Verify element property value successfully

2021-07-16 16:59:44 - [MESSAGE][PASSED] - Verify element property value successfully

2021-07-16 16:59:44 - [TEST_STEP][PASSED] - verifyElementPropertyValue(response, "[0].vchUsoVehiculo", "01"): Verify element property value successfully

2021-07-16 16:59:44 - [MESSAGE][PASSED] - Verify element property value successfully

2021-07-16 16:59:44 - [TEST_STEP][PASSED] - verifyElementPropertyValue(response, "[0].iNumeroForma", 12): Verify element property value successfully

2021-07-16 16:59:44 - [MESSAGE][PASSED] - Verify element property value successfully

2021-07-16 16:59:44 - [TEST_STEP][PASSED] - verifyElementPropertyValue(response, "[0].vchDescripcionForma", "TARJETA DE CIRCULACION"): Verify element property value successfully

2021-07-16 16:59:44 - [MESSAGE][PASSED] - Verify element property value successfully

2021-07-16 16:59:44 - [TEST_STEP][PASSED] - if (getElementPropertyValue(response, "[0].iFolio") == -1): null

2021-07-16 16:59:44 - [TEST_STEP][PASSED] - else: Verify element property value successfully

2021-07-16 16:59:44 - [TEST_STEP][PASSED] - verifyElementPropertyValue(response, "[0].iIdEstatus", 3): Verify element property value successfully

2021-07-16 16:59:44 - [MESSAGE][PASSED] - Verify element property value successfully

2021-07-16 16:59:44 - [TEST_STEP][PASSED] - verifyElementPropertyValue(response, "[0].vchEstatus", "ENTREGADO"): Verify element property value successfully

2021-07-16 16:59:44 - [MESSAGE][PASSED] - Verify element property value successfully

2021-07-16 16:59:44 - [TEST_STEP][PASSED] - verifyElementPropertyValue(response, "[0].vchNombreTramite", "SANTOS CAZARIN CRUZ DAVID ESTUARDO"): Verify element property value successfully

2021-07-16 16:59:44 - [MESSAGE][PASSED] - Verify element property value successfully

2021-07-16 16:59:44 - [TEST_STEP][PASSED] - verifyElementPropertyValue(response, "[0].vchIdentificacion", "I.F.E.                                  "): Verify element property value successfully

2021-07-16 16:59:44 - [MESSAGE][PASSED] - Verify element property value successfully

2021-07-16 16:59:44 - [TEST_STEP][PASSED] - verifyElementPropertyValue(response, "[0].vchFolioIdentificacion", "NA"): Verify element property value successfully

2021-07-16 16:59:44 - [MESSAGE][PASSED] - Verify element property value successfully

2021-07-16 16:59:44 - [TEST_STEP][PASSED] - verifyElementPropertyValue(response, "[0].vchCalcomaniaAlfanumerica", ""): Verify element property value successfully

2021-07-16 16:59:44 - [MESSAGE][PASSED] - Verify element property value successfully

2021-07-16 16:59:44 - [TEST_STEP][PASSED] - verifyElementPropertyValue(response, "[0].vchToneladas", "2500"): Verify element property value successfully

2021-07-16 16:59:44 - [MESSAGE][PASSED] - Verify element property value successfully

2021-07-16 16:59:44 - [TEST_STEP][PASSED] - verifyElementPropertyValue(response, "[0].vchCalle", "221"): Verify element property value successfully

2021-07-16 16:59:44 - [MESSAGE][PASSED] - Verify element property value successfully

2021-07-16 16:59:44 - [TEST_STEP][PASSED] - verifyElementPropertyValue(response, "[0].vchNoExterior", "22211"): Verify element property value successfully

2021-07-16 16:59:44 - [MESSAGE][PASSED] - Verify element property value successfully

2021-07-16 16:59:44 - [TEST_STEP][PASSED] - verifyElementPropertyValue(response, "[0].vchNoInterior", ""): Verify element property value successfully

2021-07-16 16:59:44 - [MESSAGE][PASSED] - Verify element property value successfully

2021-07-16 16:59:44 - [TEST_STEP][PASSED] - verifyElementPropertyValue(response, "[0].vchLetra", ""): Verify element property value successfully

2021-07-16 16:59:44 - [MESSAGE][PASSED] - Verify element property value successfully

2021-07-16 16:59:44 - [TEST_STEP][PASSED] - verifyElementPropertyValue(response, "[0].vchColonia", "LAS CANOAS                                                                                          "): Verify element property value successfully

2021-07-16 16:59:44 - [MESSAGE][PASSED] - Verify element property value successfully

2021-07-16 16:59:44 - [TEST_STEP][PASSED] - verifyElementPropertyValue(response, "[0].vchLocalidad", "APATAUYAN                                                                                           "): Verify element property value successfully

2021-07-16 16:59:44 - [MESSAGE][PASSED] - Verify element property value successfully

2021-07-16 16:59:44 - [TEST_STEP][PASSED] - verifyElementPropertyValue(response, "[0].vchMunicipio", "ATEMPAN                                                                                             "): Verify element property value successfully

2021-07-16 16:59:44 - [MESSAGE][PASSED] - Verify element property value successfully

2021-07-16 16:59:44 - [TEST_STEP][PASSED] - verifyElementPropertyValue(response, "[0].vchComplemento", "PLACA= 13DGS2 #NIV= F25BKFA4903"): Verify element property value successfully

2021-07-16 16:59:44 - [MESSAGE][PASSED] - Verify element property value successfully

2021-07-16 16:59:44 - [TEST_STEP][PASSED] - verifyElementPropertyValue(response, "[0].vchDescCombustible", "GASOLINA  "): Verify element property value successfully

2021-07-16 16:59:44 - [MESSAGE][PASSED] - Verify element property value successfully

2021-07-16 16:59:44 - [TEST_STEP][PASSED] - verifyElementPropertyValue(response, "[0].tiFirma", 1): Verify element property value successfully

2021-07-16 16:59:44 - [MESSAGE][PASSED] - Verify element property value successfully

2021-07-16 16:59:44 - [TEST_STEP][PASSED] - verifyElementPropertyValue(response, "[0].vchPuestoFirma", "SECRETARIA DE PLANEACION Y FINANZAS"): Verify element property value successfully

2021-07-16 16:59:44 - [MESSAGE][PASSED] - Verify element property value successfully

2021-07-16 16:59:44 - [TEST_STEP][PASSED] - verifyElementPropertyValue(response, "[0].vchNombreFirma", "ACT.  MARIA TERESA CASTRO CORRO"): Verify element property value successfully

2021-07-16 16:59:44 - [MESSAGE][PASSED] - Verify element property value successfully

2021-07-16 16:59:44 - [TEST_STEP][PASSED] - verifyElementPropertyValue(response, "[0].vchPuestoFirma2", "SECRETARIO DE MOVILIDAD Y TRANSPORTE"): Verify element property value successfully

2021-07-16 16:59:44 - [MESSAGE][PASSED] - Verify element property value successfully

2021-07-16 16:59:44 - [TEST_STEP][PASSED] - verifyElementPropertyValue(response, "[0].vchNombreFirma2", "MTRO. GUILLERMO ARECHIGA SANTAMARIA"): Verify element property value successfully

2021-07-16 16:59:44 - [MESSAGE][PASSED] - Verify element property value successfully

2021-07-16 16:59:44 - [TEST_STEP][PASSED] - verifyElementPropertyValue(response, "[0].vchClaveVehicular", "2020517"): Verify element property value successfully

2021-07-16 16:59:44 - [MESSAGE][PASSED] - Verify element property value successfully

2021-07-16 16:59:44 - [TEST_STEP][PASSED] - verifyElementPropertyValue(response, "[0].vchEmpresa", ""): Verify element property value successfully

2021-07-16 16:59:44 - [MESSAGE][PASSED] - Verify element property value successfully

2021-07-16 16:59:44 - [TEST_STEP][PASSED] - verifyElementPropertyValue(response, "[0].vchCURP", "SACC790503HVZNZR00"): Verify element property value successfully

2021-07-16 16:59:44 - [MESSAGE][PASSED] - Verify element property value successfully

2021-07-16 16:59:44 - [TEST_STEP][PASSED] - verifyElementPropertyValue(response, "[0].tiBan_cve_veh", 2): Verify element property value successfully

2021-07-16 16:59:44 - [MESSAGE][PASSED] - Verify element property value successfully

2021-07-16 16:59:44 - [TEST_STEP][PASSED] - verifyElementPropertyValue(response, "[0].vchDesc_uso", "PARTICULAR                                        "): Verify element property value successfully

2021-07-16 16:59:44 - [MESSAGE][PASSED] - Verify element property value successfully

2021-07-16 16:59:44 - [TEST_STEP][PASSED] - verifyElementPropertyValue(response, "[0].tiAsignacion", 0): Verify element property value successfully

2021-07-16 16:59:44 - [MESSAGE][PASSED] - Verify element property value successfully

2021-07-16 16:59:44 - [TEST_STEP][PASSED] - verifyElementPropertyValue(response, "[0].vchMarca2", "FORD           "): Verify element property value successfully

2021-07-16 16:59:44 - [MESSAGE][PASSED] - Verify element property value successfully

2021-07-16 16:59:44 - [TEST_STEP][PASSED] - verifyElementPropertyValue(response, "[0].vchLinea2", "F - 700                  "): Verify element property value successfully

2021-07-16 16:59:44 - [MESSAGE][PASSED] - Verify element property value successfully

2021-07-16 16:59:44 - [TEST_STEP][PASSED] - verifyElementPropertyValue(response, "[0].vchTipo2", "153 LPG 28000 L"): Verify element property value successfully

2021-07-16 16:59:44 - [MESSAGE][PASSED] - Verify element property value successfully]]></system-out>
         <system-err><![CDATA[]]></system-err>
      </testcase>
      <system-out><![CDATA[2021-07-16 16:59:34 - [TEST_SUITE][PASSED] - TS_Autorizaciones: Test Cases/FVAutorizacionesReferencia_SU/getConsultaReferencia_SU]]></system-out>
      <system-err><![CDATA[]]></system-err>
   </testsuite>
</testsuites>
